Fri Nov 25 22:00:30 CST 2016  [debug] AvalonLogSystem initialized using logfile 'D:\workshop\bank\.metadata\.plugins\com.genuitec.eclipse.templates\velocity.log'
Fri Nov 25 22:00:30 CST 2016   [info] ************************************************************** 
Fri Nov 25 22:00:30 CST 2016   [info] Starting Jakarta Velocity v1.4
Fri Nov 25 22:00:30 CST 2016   [info] RuntimeInstance initializing.
Fri Nov 25 22:00:30 CST 2016   [info] Default Properties File: org\apache\velocity\runtime\defaults\velocity.properties
Fri Nov 25 22:00:30 CST 2016   [info] Trying to use logger class org.apache.velocity.runtime.log.AvalonLogSystem
Fri Nov 25 22:00:30 CST 2016   [info] Using logger class org.apache.velocity.runtime.log.AvalonLogSystem
Fri Nov 25 22:00:30 CST 2016   [info] Default ResourceManager initializing. (class org.apache.velocity.runtime.resource.ResourceManagerImpl)
Fri Nov 25 22:00:30 CST 2016   [info] Resource Loader Instantiated: com.genuitec.eclipse.templates.internal.PluginResourceLoader
Fri Nov 25 22:00:30 CST 2016   [info] ResourceCache : initialized. (class org.apache.velocity.runtime.resource.ResourceCacheImpl)
Fri Nov 25 22:00:30 CST 2016   [info] Default ResourceManager initialization complete.
Fri Nov 25 22:00:30 CST 2016   [info] Loaded System Directive: org.apache.velocity.runtime.directive.Literal
Fri Nov 25 22:00:30 CST 2016   [info] Loaded System Directive: org.apache.velocity.runtime.directive.Macro
Fri Nov 25 22:00:30 CST 2016   [info] Loaded System Directive: org.apache.velocity.runtime.directive.Parse
Fri Nov 25 22:00:30 CST 2016   [info] Loaded System Directive: org.apache.velocity.runtime.directive.Include
Fri Nov 25 22:00:30 CST 2016   [info] Loaded System Directive: org.apache.velocity.runtime.directive.Foreach
Fri Nov 25 22:00:30 CST 2016   [info] Created: 20 parsers.
Fri Nov 25 22:00:30 CST 2016   [info] Velocimacro : initialization starting.
Fri Nov 25 22:00:30 CST 2016   [info] Velocimacro : adding VMs from VM library template : VM_global_library.vm
Fri Nov 25 22:00:30 CST 2016  [error] ResourceManager : unable to find resource 'VM_global_library.vm' in any resource loader.
Fri Nov 25 22:00:30 CST 2016   [info] Velocimacro : error using  VM library template VM_global_library.vm : org.apache.velocity.exception.ResourceNotFoundException: Unable to find resource 'VM_global_library.vm'
Fri Nov 25 22:00:30 CST 2016   [info] Velocimacro :  VM library template macro registration complete.
Fri Nov 25 22:00:30 CST 2016   [info] Velocimacro : allowInline = true : VMs can be defined inline in templates
Fri Nov 25 22:00:30 CST 2016   [info] Velocimacro : allowInlineToOverride = true : VMs defined inline may replace previous VM definitions
Fri Nov 25 22:00:30 CST 2016   [info] Velocimacro : allowInlineLocal = true : VMs defined inline will be local to their defining template only.
Fri Nov 25 22:00:30 CST 2016   [info] Velocimacro : messages on  : VM system will output logging messages
Fri Nov 25 22:00:30 CST 2016   [info] Velocimacro : autoload off  : VM system will not automatically reload global library macros
Fri Nov 25 22:00:30 CST 2016   [info] Velocimacro : initialization complete.
Fri Nov 25 22:00:30 CST 2016   [info] Velocity successfully started.
Fri Nov 25 22:00:30 CST 2016   [info] ResourceManager : found templates/web.xml.vm with loader com.genuitec.eclipse.templates.internal.PluginResourceLoader
Fri Nov 25 22:00:40 CST 2016   [info] ResourceManager : found /templates/velocity/welcome/Jsp.vtl with loader com.genuitec.eclipse.templates.internal.PluginResourceLoader
Fri Nov 25 22:01:28 CST 2016   [info] ResourceManager : found templates/html/Html.vtl with loader com.genuitec.eclipse.templates.internal.PluginResourceLoader
Fri Nov 25 22:01:28 CST 2016   [info] ResourceManager : found templates/html/HTMLMetaTags.vtl with loader com.genuitec.eclipse.templates.internal.PluginResourceLoader
Fri Nov 25 22:31:28 CST 2016   [info] ResourceManager : found templates/jsp/Jsp.vtl with loader com.genuitec.eclipse.templates.internal.PluginResourceLoader
Fri Nov 25 22:31:28 CST 2016   [info] ResourceManager : found templates/jsp/JSPMetaTags.vtl with loader com.genuitec.eclipse.templates.internal.PluginResourceLoader
